<?xml version="1.0" encoding="UTF-8"?>
<!-- Generated by org.testng.reporters.JUnitReportReporter -->
<testsuite hostname="EC2AMAZ-S11DBRH" failures="0" tests="3" name="testngexample.testnannotation" time="0.016" errors="0" timestamp="2024-02-02T05:10:26 GMT" skipped="0">
  <testcase classname="testngexample.testnannotation" name="testcase1" time="0.008"/>
  <testcase classname="testngexample.testnannotation" name="testcase3" time="0.006"/>
  <testcase classname="testngexample.testnannotation" name="testcase2" time="0.002"/>
</testsuite> <!-- testngexample.testnannotation -->
